This is e-upTeX, Version 3.14159265-p3.7.1-u1.22-161114-2.6 (utf8.uptex) (TeX Live 2017) (preloaded format=uplatex 2017.8.10)  20 AUG 2017 23:27
entering extended mode
 restricted \write18 enabled.
 %&-line parsing enabled.
**integration.tex
(./integration.tex
pLaTeX2e <2017/07/29u01> (based on LaTeX2e <2017-04-15>)
Babel <3.12> and hyphenation patterns for 22 language(s) loaded.
(/usr/local/texlive/2017basic/texmf-dist/tex/platex/jsclasses/jsarticle.cls
Document Class: jsarticle 2017/03/05 okumura, texjporg
\jsc@mpt=\dimen118
\jsc@mmm=\dimen119
\jsc@smallskipamount=\skip41
LaTeX Info: Redefining \rmfamily on input line 468.
LaTeX Info: Redefining \sffamily on input line 471.
LaTeX Info: Redefining \ttfamily on input line 474.
LaTeX Info: Redefining \textmc on input line 477.
LaTeX Info: Redefining \textgt on input line 479.
\symmincho=\mathgroup4
LaTeX Font Info:    Overwriting symbol font `mincho' in version `bold'
(Font)                  JY2/mc/m/n --> JY2/gt/m/n on input line 540.
LaTeX Font Info:    Font shape `JT2/mc/m/n' will be
(Font)              scaled to size 9.24683pt on input line 731.
LaTeX Font Info:    Font shape `JY2/mc/m/n' will be
(Font)              scaled to size 9.24683pt on input line 731.
\fullwidth=\dimen120
LaTeX Font Info:    Font shape `JT2/mc/m/n' will be
(Font)              scaled to size 7.39746pt on input line 883.
LaTeX Font Info:    Font shape `JY2/mc/m/n' will be
(Font)              scaled to size 7.39746pt on input line 883.
\c@part=\count82
\c@section=\count83
\c@subsection=\count84
\c@subsubsection=\count85
\c@paragraph=\count86
\c@subparagraph=\count87
\@abstractbox=\box42
\c@figure=\count88
\c@table=\count89
\abovecaptionskip=\skip42
\belowcaptionskip=\skip43
\jsc@tocl@width=\dimen121
\@lnumwidth=\dimen122
\bibindent=\dimen123
(/usr/local/texlive/2017basic/texmf-dist/tex/platex/jsclasses/jslogo.sty
Package: jslogo 2017/02/24 okumura, texjporg
LaTeX Info: Redefining \TeX on input line 94.
LaTeX Info: Redefining \LaTeX on input line 147.
LaTeX Info: Redefining \LaTeXe on input line 200.
)
\heisei=\count90
)
(/usr/local/texlive/2017basic/texmf-dist/tex/latex/tools/indentfirst.sty
Package: indentfirst 1995/11/23 v1.03 Indent first paragraph (DPC)
)
(/usr/local/texlive/2017basic/texmf-dist/tex/latex/tools/tabularx.sty
Package: tabularx 2016/02/03 v2.11 `tabularx' package (DPC)

(/usr/local/texlive/2017basic/texmf-dist/tex/latex/tools/array.sty
Package: array 2016/10/06 v2.4d Tabular extension package (FMi)
\col@sep=\dimen124
\extrarowheight=\dimen125
\NC@list=\toks15
\extratabsurround=\skip44
\backup@length=\skip45
)
\TX@col@width=\dimen126
\TX@old@table=\dimen127
\TX@old@col=\dimen128
\TX@target=\dimen129
\TX@delta=\dimen130
\TX@cols=\count91
\TX@ftn=\toks16
)
(/usr/local/texlive/2017basic/texmf-dist/tex/latex/geometry/geometry.sty
Package: geometry 2010/09/12 v5.6 Page Geometry

(/usr/local/texlive/2017basic/texmf-dist/tex/latex/graphics/keyval.sty
Package: keyval 2014/10/28 v1.15 key=value parser (DPC)
\KV@toks@=\toks17
)
(/usr/local/texlive/2017basic/texmf-dist/tex/generic/oberdiek/ifpdf.sty
Package: ifpdf 2017/03/15 v3.2 Provides the ifpdf switch
)
(/usr/local/texlive/2017basic/texmf-dist/tex/generic/oberdiek/ifvtex.sty
Package: ifvtex 2016/05/16 v1.6 Detect VTeX and its facilities (HO)
Package ifvtex Info: VTeX not detected.
)
(/usr/local/texlive/2017basic/texmf-dist/tex/generic/ifxetex/ifxetex.sty
Package: ifxetex 2010/09/12 v0.6 Provides ifxetex conditional
)
\Gm@cnth=\count92
\Gm@cntv=\count93
\c@Gm@tempcnt=\count94
\Gm@bindingoffset=\dimen131
\Gm@wd@mp=\dimen132
\Gm@odd@mp=\dimen133
\Gm@even@mp=\dimen134
\Gm@layoutwidth=\dimen135
\Gm@layoutheight=\dimen136
\Gm@layouthoffset=\dimen137
\Gm@layoutvoffset=\dimen138
\Gm@dimlist=\toks18
)
(/usr/local/texlive/2017basic/texmf-dist/tex/latex/amsmath/amsmath.sty
Package: amsmath 2016/11/05 v2.16a AMS math features
\@mathmargin=\skip46

For additional information on amsmath, use the `?' option.
(/usr/local/texlive/2017basic/texmf-dist/tex/latex/amsmath/amstext.sty
Package: amstext 2000/06/29 v2.01 AMS text

(/usr/local/texlive/2017basic/texmf-dist/tex/latex/amsmath/amsgen.sty
File: amsgen.sty 1999/11/30 v2.0 generic functions
\@emptytoks=\toks19
\ex@=\dimen139
))
(/usr/local/texlive/2017basic/texmf-dist/tex/latex/amsmath/amsbsy.sty
Package: amsbsy 1999/11/29 v1.2d Bold Symbols
\pmbraise@=\dimen140
)
(/usr/local/texlive/2017basic/texmf-dist/tex/latex/amsmath/amsopn.sty
Package: amsopn 2016/03/08 v2.02 operator names
)
\inf@bad=\count95
LaTeX Info: Redefining \frac on input line 213.
\uproot@=\count96
\leftroot@=\count97
LaTeX Info: Redefining \overline on input line 375.
\classnum@=\count98
\DOTSCASE@=\count99
LaTeX Info: Redefining \ldots on input line 472.
LaTeX Info: Redefining \dots on input line 475.
LaTeX Info: Redefining \cdots on input line 596.
\Mathstrutbox@=\box43
\strutbox@=\box44
\big@size=\dimen141
LaTeX Font Info:    Redeclaring font encoding OML on input line 712.
LaTeX Font Info:    Redeclaring font encoding OMS on input line 713.
\macc@depth=\count100
\c@MaxMatrixCols=\count101
\dotsspace@=\muskip10
\c@parentequation=\count102
\dspbrk@lvl=\count103
\tag@help=\toks20
\row@=\count104
\column@=\count105
\maxfields@=\count106
\andhelp@=\toks21
\eqnshift@=\dimen142
\alignsep@=\dimen143
\tagshift@=\dimen144
\tagwidth@=\dimen145
\totwidth@=\dimen146
\lineht@=\dimen147
\@envbody=\toks22
\multlinegap=\skip47
\multlinetaggap=\skip48
\mathdisplay@stack=\toks23
LaTeX Info: Redefining \[ on input line 2817.
LaTeX Info: Redefining \] on input line 2818.
)
(/usr/local/texlive/2017basic/texmf-dist/tex/latex/graphics/graphicx.sty
Package: graphicx 2017/06/01 v1.1a Enhanced LaTeX Graphics (DPC,SPQR)

(/usr/local/texlive/2017basic/texmf-dist/tex/latex/graphics/graphics.sty
Package: graphics 2017/06/25 v1.2c Standard LaTeX Graphics (DPC,SPQR)

(/usr/local/texlive/2017basic/texmf-dist/tex/latex/graphics/trig.sty
Package: trig 2016/01/03 v1.10 sin cos tan (DPC)
)
(/usr/local/texlive/2017basic/texmf-dist/tex/latex/graphics-cfg/graphics.cfg
File: graphics.cfg 2016/06/04 v1.11 sample graphics configuration
)
Package graphics Info: Driver file: dvipdfmx.def on input line 99.

(/usr/local/texlive/2017basic/texmf-dist/tex/latex/graphics-def/dvipdfmx.def
File: dvipdfmx.def 2017/06/24 v5.0g Graphics/color driver for dvipdfmx
))
\Gin@req@height=\dimen148
\Gin@req@width=\dimen149
) (/usr/local/texlive/2017basic/texmf-dist/tex/latex/float/float.sty
Package: float 2001/11/08 v1.3d Float enhancements (AL)
\c@float@type=\count107
\float@exts=\toks24
\float@box=\box45
\@float@everytoks=\toks25
\@floatcapt=\box46
)
(/usr/local/texlive/2017basic/texmf-dist/tex/latex/listings/listings.sty
\lst@mode=\count108
\lst@gtempboxa=\box47
\lst@token=\toks26
\lst@length=\count109
\lst@currlwidth=\dimen150
\lst@column=\count110
\lst@pos=\count111
\lst@lostspace=\dimen151
\lst@width=\dimen152
\lst@newlines=\count112
\lst@lineno=\count113
\lst@maxwidth=\dimen153

(/usr/local/texlive/2017basic/texmf-dist/tex/latex/listings/lstmisc.sty
File: lstmisc.sty 2015/06/04 1.6 (Carsten Heinz)
\c@lstnumber=\count114
\lst@skipnumbers=\count115
\lst@framebox=\box48
)
(/usr/local/texlive/2017basic/texmf-dist/tex/latex/listings/listings.cfg
File: listings.cfg 2015/06/04 1.6 listings configuration
))
Package: listings 2015/06/04 1.6 (Carsten Heinz)


LaTeX Warning: Unused global option(s):
    [15pt].

(./integration.aux (./title.aux) (./orbit.aux) (./heat.aux) (./fuel.aux)
(./placement.aux) (./rocket.aux))
\openout1 = `integration.aux'.

LaTeX Font Info:    Checking defaults for OML/cmm/m/it on input line 18.
LaTeX Font Info:    ... okay on input line 18.
LaTeX Font Info:    Checking defaults for T1/cmr/m/n on input line 18.
LaTeX Font Info:    ... okay on input line 18.
LaTeX Font Info:    Checking defaults for OT1/cmr/m/n on input line 18.
LaTeX Font Info:    ... okay on input line 18.
LaTeX Font Info:    Checking defaults for OMS/cmsy/m/n on input line 18.
LaTeX Font Info:    ... okay on input line 18.
LaTeX Font Info:    Checking defaults for OMX/cmex/m/n on input line 18.
LaTeX Font Info:    ... okay on input line 18.
LaTeX Font Info:    Checking defaults for U/cmr/m/n on input line 18.
LaTeX Font Info:    ... okay on input line 18.
LaTeX Font Info:    Checking defaults for JY2/mc/m/n on input line 18.
LaTeX Font Info:    ... okay on input line 18.
LaTeX Font Info:    Checking defaults for JT2/mc/m/n on input line 18.
LaTeX Font Info:    ... okay on input line 18.

*geometry* driver: auto-detecting
*geometry* detected driver: dvips
*geometry* verbose mode - [ preamble ] result:
* driver: dvips
* paper: <default>
* layout: <same size as paper>
* layoutoffset:(h,v)=(0.0pt,0.0pt)
* modes: 
* h-part:(L,W,R)=(56.9055pt, 483.69687pt, 56.9055pt)
* v-part:(T,H,B)=(56.9055pt, 731.23584pt, 56.9055pt)
* \paperwidth=597.50787pt
* \paperheight=845.04684pt
* \textwidth=483.69687pt
* \textheight=731.23584pt
* \oddsidemargin=-15.36449pt
* \evensidemargin=-15.36449pt
* \topmargin=-51.06175pt
* \headheight=20.0pt
* \headsep=15.69727pt
* \topskip=12.76065pt
* \footskip=28.45792pt
* \marginparwidth=18.49365pt
* \marginparsep=18.49365pt
* \columnsep=18.49365pt
* \skip\footins=16.0pt plus 5.0pt minus 2.0pt
* \hoffset=0.0pt
* \voffset=0.0pt
* \mag=1000
* \@twocolumnfalse
* \@twosidefalse
* \@mparswitchfalse
* \@reversemarginfalse
* (1in=72.27pt=25.4mm, 1cm=28.453pt)

\c@lstlisting=\count116
\openout2 = `title.aux'.

(./title.tex
LaTeX Font Info:    Font shape `JT2/mc/m/n' will be
(Font)              scaled to size 19.17792pt on input line 5.
LaTeX Font Info:    Font shape `JY2/mc/m/n' will be
(Font)              scaled to size 19.17792pt on input line 5.
LaTeX Font Info:    Font shape `JT2/mc/m/it' in size <20.74> not available
(Font)              Font shape `JT2/mc/m/n' tried instead on input line 5.
LaTeX Font Info:    Font shape `JT2/mc/m/n' will be
(Font)              scaled to size 19.17792pt on input line 5.
LaTeX Font Info:    Font shape `JY2/mc/m/it' in size <20.74> not available
(Font)              Font shape `JY2/mc/m/n' tried instead on input line 5.
LaTeX Font Info:    Font shape `JY2/mc/m/n' will be
(Font)              scaled to size 19.17792pt on input line 5.
LaTeX Font Info:    Font shape `JT2/mc/m/n' will be
(Font)              scaled to size 11.09619pt on input line 7.
LaTeX Font Info:    Font shape `JY2/mc/m/n' will be
(Font)              scaled to size 11.09619pt on input line 7.
LaTeX Font Info:    Font shape `JY2/mc/m/n' will be
(Font)              scaled to size 5.5481pt on input line 8.
 [1


])
LaTeX Font Info:    Font shape `JT2/gt/m/n' will be
(Font)              scaled to size 9.24683pt on input line 21.
LaTeX Font Info:    Font shape `JY2/gt/m/n' will be
(Font)              scaled to size 9.24683pt on input line 21.
LaTeX Font Info:    Font shape `JT2/mc/m/n' will be
(Font)              scaled to size 13.31541pt on input line 21.
LaTeX Font Info:    Font shape `JY2/mc/m/n' will be
(Font)              scaled to size 13.31541pt on input line 21.
LaTeX Font Info:    Font shape `JT2/gt/m/n' will be
(Font)              scaled to size 13.31541pt on input line 21.
LaTeX Font Info:    Font shape `JY2/gt/m/n' will be
(Font)              scaled to size 13.31541pt on input line 21.
 (./integration.toc
LaTeX Font Info:    Font shape `JY2/mc/m/n' will be
(Font)              scaled to size 6.47278pt on input line 2.
LaTeX Font Info:    Font shape `JY2/mc/m/n' will be
(Font)              scaled to size 4.62341pt on input line 2.
)
\tf@toc=\write3
\openout3 = `integration.toc'.

 [1

]
\openout2 = `orbit.aux'.

 (./orbit.tex
LaTeX Font Info:    Font shape `JT2/gt/m/n' will be
(Font)              scaled to size 11.09619pt on input line 4.
LaTeX Font Info:    Font shape `JY2/gt/m/n' will be
(Font)              scaled to size 11.09619pt on input line 4.
LaTeX Font Info:    Font shape `JT2/mc/m/n' will be
(Font)              scaled to size 8.32214pt on input line 14.
LaTeX Font Info:    Font shape `JY2/mc/m/n' will be
(Font)              scaled to size 8.32214pt on input line 14.
 [2

] [3]) [4]
\openout2 = `heat.aux'.

 (./heat.tex
LaTeX Font Info:    Font shape `JT2/gt/m/n' will be
(Font)              scaled to size 7.39746pt on input line 33.
LaTeX Font Info:    Font shape `JY2/gt/m/n' will be
(Font)              scaled to size 7.39746pt on input line 33.
[5


] [6] [7])
Overfull \hbox (34.1254pt too wide) in paragraph at lines 205--23
[][] 
 []

[8]
\openout2 = `fuel.aux'.

 (./fuel.tex [9


]) [10]
\openout2 = `placement.aux'.

 (./placement.tex
File: satelite1.eps Graphic file (type eps)
<satelite1.eps>
File: satelite2.eps Graphic file (type eps)
<satelite2.eps>
 [11


]
File: satelitetop.eps Graphic file (type eps)
<satelitetop.eps>
 [12]
File: sateliteside.eps Graphic file (type eps)
<sateliteside.eps>
 [13]
Overfull \hbox (24.87857pt too wide) in paragraph at lines 79--80
[][] 
 []

[14]
Overfull \hbox (8.26953pt too wide) in paragraph at lines 151--151
 []|\OT1/cmr/m/n/10 130.00| 
 []


Overfull \hbox (3.26952pt too wide) in paragraph at lines 151--151
 []|\OT1/cmr/m/n/10 13.00| 
 []


Overfull \hbox (3.26952pt too wide) in paragraph at lines 151--151
 []|\OT1/cmr/m/n/10 10.65| 
 []


Overfull \hbox (8.26953pt too wide) in paragraph at lines 151--151
 []|\OT1/cmr/m/n/10 32.747| 
 []


Overfull \hbox (3.26952pt too wide) in paragraph at lines 151--151
 []|\OT1/cmr/m/n/10 25.00| 
 []


Overfull \hbox (3.26952pt too wide) in paragraph at lines 151--151
 []|\OT1/cmr/m/n/10 39.05| 
 []


Overfull \hbox (3.26952pt too wide) in paragraph at lines 151--151
 []|\OT1/cmr/m/n/10 22.00| 
 []


Overfull \hbox (3.26952pt too wide) in paragraph at lines 151--151
 []|\OT1/cmr/m/n/10 15.11| 
 []


Overfull \hbox (3.26952pt too wide) in paragraph at lines 151--151
 []|\OT1/cmr/m/n/10 10.00| 
 []


Overfull \hbox (3.26952pt too wide) in paragraph at lines 151--151
 []|\OT1/cmr/m/n/10 20.00| 
 []


Overfull \hbox (3.26952pt too wide) in paragraph at lines 151--151
 []|\OT1/cmr/m/n/10 34.26| 
 []


Overfull \hbox (3.26952pt too wide) in paragraph at lines 151--151
 []|\OT1/cmr/m/n/10 19.40| 
 []


Overfull \hbox (3.26952pt too wide) in paragraph at lines 151--151
 []|\OT1/cmr/m/n/10 25.00| 
 []


Overfull \hbox (3.26952pt too wide) in paragraph at lines 151--151
 []|\OT1/cmr/m/n/10 31.50| 
 []


Overfull \hbox (3.26952pt too wide) in paragraph at lines 151--151
 []|\OT1/cmr/m/n/10 19.40| 
 []


Overfull \hbox (3.26952pt too wide) in paragraph at lines 151--151
 []|\OT1/cmr/m/n/10 25.00| 
 []


Overfull \hbox (3.26952pt too wide) in paragraph at lines 151--151
 []|\OT1/cmr/m/n/10 31.50| 
 []


Overfull \hbox (3.26952pt too wide) in paragraph at lines 151--151
 []|\OT1/cmr/m/n/10 15.11| 
 []


Overfull \hbox (3.26952pt too wide) in paragraph at lines 151--151
 []|\OT1/cmr/m/n/10 15.11| 
 []


Overfull \hbox (3.26952pt too wide) in paragraph at lines 151--151
 []|\OT1/cmr/m/n/10 80.00| 
 []


Overfull \hbox (3.26952pt too wide) in paragraph at lines 151--151
 []|\OT1/cmr/m/n/10 16.92| 
 []


Overfull \hbox (8.26953pt too wide) in paragraph at lines 151--151
 []|\OT1/cmr/m/n/10 169.24| 
 []


Overfull \hbox (3.26952pt too wide) in paragraph at lines 151--151
 []|\OT1/cmr/m/n/10 15.11| 
 []


Overfull \hbox (3.26952pt too wide) in paragraph at lines 151--151
 []|\OT1/cmr/m/n/10 80.00| 
 []


Overfull \hbox (3.26952pt too wide) in paragraph at lines 151--151
 []|\OT1/cmr/m/n/10 180.0| 
 []


Overfull \hbox (3.26952pt too wide) in paragraph at lines 151--151
 []|\OT1/cmr/m/n/10 18.00| 
 []


Overfull \hbox (3.26952pt too wide) in paragraph at lines 151--151
 []|\OT1/cmr/m/n/10 14.74| 
 []


Overfull \hbox (3.26952pt too wide) in paragraph at lines 151--151
 []|\OT1/cmr/m/n/10 45.34| 
 []


Overfull \hbox (3.26952pt too wide) in paragraph at lines 151--151
 []|\OT1/cmr/m/n/10 45.34| 
 []


Overfull \hbox (3.26952pt too wide) in paragraph at lines 151--151
 []|\OT1/cmr/m/n/10 16.92| 
 []


Overfull \hbox (8.26953pt too wide) in paragraph at lines 151--151
 []|\OT1/cmr/m/n/10 169.24| 
 []


Overfull \hbox (3.26952pt too wide) in paragraph at lines 151--151
 []|\OT1/cmr/m/n/10 15.11| 
 []


Overfull \hbox (3.26952pt too wide) in paragraph at lines 151--151
 []|\OT1/cmr/m/n/10 155.1| 
 []


Overfull \hbox (8.26953pt too wide) in paragraph at lines 151--151
 []|\OT1/cmr/m/n/10 1551.2| 
 []


Overfull \hbox (3.26952pt too wide) in paragraph at lines 151--151
 []|\OT1/cmr/m/n/10 39.08| 
 []


Overfull \hbox (24.87857pt too wide) in paragraph at lines 151--152
[][] 
 []

[15]
LaTeX Font Info:    Font shape `JT2/mc/m/n' will be
(Font)              scaled to size 6.47278pt on input line 221.
LaTeX Font Info:    Font shape `JT2/mc/m/n' will be
(Font)              scaled to size 4.62341pt on input line 221.
 [16] [17]) [18]
\openout2 = `rocket.aux'.

 (./rocket.tex [19


] [20]
File: saitekika0.eps Graphic file (type eps)
<saitekika0.eps>
 [21] [22]
File: saitekika.eps Graphic file (type eps)
<saitekika.eps>
 [23] [24]) [25] [26]
(./integration.aux (./title.aux) (./orbit.aux) (./heat.aux) (./fuel.aux)
(./placement.aux) (./rocket.aux)) ) 
Here is how much of TeX's memory you used:
 3376 strings out of 494867
 45423 string characters out of 6175422
 200479 words of memory out of 5000000
 6825 multiletter control sequences out of 15000+600000
 16598 words of font info for 82 fonts, out of 8000000 for 9000
 112 hyphenation exceptions out of 8191
 27i,14n,32p,235b,1602s stack positions out of 5000i,500n,10000p,200000b,80000s

Output written on integration.dvi (27 pages, 100056 bytes).
