This is e-upTeX, Version 3.14159265-p3.7.1-u1.22-161114-2.6 (utf8.uptex) (TeX Live 2017) (preloaded format=uplatex 2017.8.10)  14 DEC 2017 18:49
entering extended mode
 restricted \write18 enabled.
 file:line:error style messages enabled.
 %&-line parsing enabled.
**preamble.tex
(./preamble.tex
pLaTeX2e <2017/07/29u01> (based on LaTeX2e <2017-04-15>)
Babel <3.12> and hyphenation patterns for 22 language(s) loaded.

./preamble.tex:2: LaTeX Error: \usepackage before \documentclass.

See the LaTeX manual or LaTeX Companion for explanation.
Type  H <return>  for immediate help.
 ...                                              
                                                  
l.2 \usepackage{
                indentfirst}
\usepackage may only appear in the document preamble, i.e.,
between \documentclass and \begin{document}.


./preamble.tex:3: LaTeX Error: \usepackage before \documentclass.

See the LaTeX manual or LaTeX Companion for explanation.
Type  H <return>  for immediate help.
 ...                                              
                                                  
l.3 \usepackage{
                tabularx}
\usepackage may only appear in the document preamble, i.e.,
between \documentclass and \begin{document}.


./preamble.tex:4: LaTeX Error: \usepackage before \documentclass.

See the LaTeX manual or LaTeX Companion for explanation.
Type  H <return>  for immediate help.
 ...                                              
                                                  
l.4 \usepackage[hmargin=2cm,vmargin=2cm]{
                                         geometry}
\usepackage may only appear in the document preamble, i.e.,
between \documentclass and \begin{document}.


./preamble.tex:5: LaTeX Error: \usepackage before \documentclass.

See the LaTeX manual or LaTeX Companion for explanation.
Type  H <return>  for immediate help.
 ...                                              
                                                  
l.5 \usepackage{
                amsmath}
\usepackage may only appear in the document preamble, i.e.,
between \documentclass and \begin{document}.


./preamble.tex:6: LaTeX Error: \usepackage before \documentclass.

See the LaTeX manual or LaTeX Companion for explanation.
Type  H <return>  for immediate help.
 ...                                              
                                                  
l.6 \usepackage[dvipdfmx]{
                          graphicx}
\usepackage may only appear in the document preamble, i.e.,
between \documentclass and \begin{document}.

./preamble.tex:7: Undefined control sequence.
l.7   \graphicspath
                   {{./image/}{../image/}}
The control sequence at the end of the top line
of your error message was never \def'ed. If you have
misspelled it (e.g., `\hobx'), type `I' and the correct
spelling (e.g., `I\hbox'). Otherwise just continue,
and I'll forget about whatever was undefined.


./preamble.tex:7: LaTeX Error: Missing \begin{document}.

See the LaTeX manual or LaTeX Companion for explanation.
Type  H <return>  for immediate help.
 ...                                              
                                                  
l.7   \graphicspath{{.
                      /image/}{../image/}}
You're in trouble here.  Try typing  <return>  to proceed.
If that doesn't work, type  X <return>  to quit.


./preamble.tex:8: LaTeX Error: \usepackage before \documentclass.

See the LaTeX manual or LaTeX Companion for explanation.
Type  H <return>  for immediate help.
 ...                                              
                                                  
l.8 \usepackage{
                float}
\usepackage may only appear in the document preamble, i.e.,
between \documentclass and \begin{document}.


./preamble.tex:9: LaTeX Error: \usepackage before \documentclass.

See the LaTeX manual or LaTeX Companion for explanation.
Type  H <return>  for immediate help.
 ...                                              
                                                  
l.9 \usepackage{
                comment}
\usepackage may only appear in the document preamble, i.e.,
between \documentclass and \begin{document}.


./preamble.tex:10: LaTeX Error: \usepackage before \documentclass.

See the LaTeX manual or LaTeX Companion for explanation.
Type  H <return>  for immediate help.
 ...                                              
                                                  
l.10 \usepackage{
                 mathtools}
\usepackage may only appear in the document preamble, i.e.,
between \documentclass and \begin{document}.


./preamble.tex:11: LaTeX Error: \usepackage before \documentclass.

See the LaTeX manual or LaTeX Companion for explanation.
Type  H <return>  for immediate help.
 ...                                              
                                                  
l.11 \usepackage{
                 subfiles}
\usepackage may only appear in the document preamble, i.e.,
between \documentclass and \begin{document}.


Overfull \hbox (99.44466pt too wide) in paragraph at lines 7--12
[]\OT1/cmr/m/n/10 ./image/../image/
 []

)
! Emergency stop.
<*> preamble.tex
                
*** (job aborted, no legal \end found)

 
Here is how much of TeX's memory you used:
 7 strings out of 494867
 64 string characters out of 6175422
 51369 words of memory out of 5000000
 3619 multiletter control sequences out of 15000+600000
 5975 words of font info for 31 fonts, out of 8000000 for 9000
 107 hyphenation exceptions out of 8191
 7i,0n,6p,79b,18s stack positions out of 5000i,500n,10000p,200000b,80000s
No pages of output.
