\BOOKMARK [1][-]{section.1}{1 概要}{}% 1
\BOOKMARK [1][-]{section.2}{2 設計点の変更}{}% 2
\BOOKMARK [1][-]{section.3}{3 主翼の設計}{}% 3
\BOOKMARK [2][-]{subsection.3.1}{3.1 翼型の選定}{section.3}% 4
\BOOKMARK [2][-]{subsection.3.2}{3.2 アスペクト比AR, 後退角, テーパー比, 上端角}{section.3}% 5
\BOOKMARK [2][-]{subsection.3.3}{3.3 翼端部,翼根部のコード長}{section.3}% 6
\BOOKMARK [2][-]{subsection.3.4}{3.4 その他パラメタ}{section.3}% 7
\BOOKMARK [2][-]{subsection.3.5}{3.5 BWB機の主翼形状について}{section.3}% 8
\BOOKMARK [2][-]{subsection.3.6}{3.6 燃料タンク容量Vt}{section.3}% 9
\BOOKMARK [1][-]{section.4}{4 エンジンの選定}{}% 10
\BOOKMARK [1][-]{section.5}{5 胴体寸法}{}% 11
\BOOKMARK [2][-]{subsection.5.1}{5.1 胴体断面}{section.5}% 12
\BOOKMARK [2][-]{subsection.5.2}{5.2 客室長さ}{section.5}% 13
\BOOKMARK [2][-]{subsection.5.3}{5.3 客室高さについての検討}{section.5}% 14
\BOOKMARK [1][-]{section.6}{6 尾翼設計}{}% 15
\BOOKMARK [1][-]{section.7}{7 舵面の設計}{}% 16
\BOOKMARK [1][-]{section.8}{8 タイヤのサイジング}{}% 17
\BOOKMARK [1][-]{section.9}{9 重量推算}{}% 18
\BOOKMARK [2][-]{subsection.9.1}{9.1 主翼重量}{section.9}% 19
\BOOKMARK [2][-]{subsection.9.2}{9.2 尾翼重量}{section.9}% 20
\BOOKMARK [2][-]{subsection.9.3}{9.3 胴体質量}{section.9}% 21
\BOOKMARK [2][-]{subsection.9.4}{9.4 ナセル重量}{section.9}% 22
\BOOKMARK [2][-]{subsection.9.5}{9.5 脚重量}{section.9}% 23
\BOOKMARK [2][-]{subsection.9.6}{9.6 推進系統重量}{section.9}% 24
\BOOKMARK [2][-]{subsection.9.7}{9.7 装備品重量}{section.9}% 25
\BOOKMARK [2][-]{subsection.9.8}{9.8 運用に必要なアイテム重量}{section.9}% 26
\BOOKMARK [2][-]{subsection.9.9}{9.9 運用空虚重量}{section.9}% 27
\BOOKMARK [1][-]{section.10}{10 重心位置の計算}{}% 28
\BOOKMARK [1][-]{section.11}{11 脚配置}{}% 29
\BOOKMARK [1][-]{section.12}{12 三面図}{}% 30
